<?xml version="1.0" encoding="UTF-8"?>
<!-- Generated by org.testng.reporters.JUnitReportReporter -->
<testsuite skipped="0" hostname="LAPTOP-LE4FMNOG" name="com.inetBanking.testCases.TC_NewCustomer_003" tests="1" failures="0" timestamp="2022-10-14T23:48:41 IST" time="15.598" errors="0">
  <testcase name="AddNewCustomer" time="15.598" classname="com.inetBanking.testCases.TC_NewCustomer_003"/>
  <system-out/>
</testsuite> <!-- com.inetBanking.testCases.TC_NewCustomer_003 -->
